<?xml version="1.0" encoding="UTF-8"?>
<!-- Generated by org.testng.reporters.JUnitXMLReporter -->
<testsuite ignored="0" hostname="MISHRA" failures="0" tests="4" name="chromeTest" time="59.112" errors="0" timestamp="2023-02-09T23:47:58 IST">
  <testcase classname="Vtigerapplication.CreateProductModule" name="producthandle" time="8.987"/>
  <testcase classname="Vtigerapplication.createcalendarhandling" name="calendarpop" time="7.186"/>
  <testcase classname="Vtigerapplication.createopportunities" name="createopp" time="11.425"/>
  <testcase classname="Vtigerapplication.CreateDocumentsModule" name="framehandle" time="8.271"/>
</testsuite> <!-- chromeTest -->
