<?xml version="1.0" encoding="UTF-8"?>
<!-- Generated by org.testng.reporters.JUnitXMLReporter -->
<testsuite ignored="0" hostname="MISHRA" failures="0" tests="3" name="Test" time="44.56" errors="0" timestamp="2023-02-09T21:02:12 IST">
  <testcase classname="Vtigerapplication.createcalendarhandling" name="calendarpop" time="5.681"/>
  <testcase classname="Vtigerapplication.createopportunities" name="createopp" time="11.081"/>
  <testcase classname="Vtigerapplication.CreateDocumentsModule" name="framehandle" time="8.759"/>
</testsuite> <!-- Test -->
